<?xml version="1.0" encoding="UTF-8"?>
<!-- Generated by org.testng.reporters.JUnitXMLReporter -->
<testsuite hostname="DESKTOP-LCC7PQK" ignored="0" name="Validating About Us page in new Tab" tests="5" failures="0" timestamp="2020-06-25T11:16:19 PDT" time="16.264" errors="0">
  <testcase name="validateHeaderMission" time="2.088" classname="com.biztech2go.TestAboutUsPage"/>
  <testcase name="validateHeaderOurValues" time="0.059" classname="com.biztech2go.TestAboutUsPage"/>
  <testcase name="validateHeaderVision" time="0.054" classname="com.biztech2go.TestAboutUsPage"/>
  <testcase name="validatePraphBackgroundColor" time="0.091" classname="com.biztech2go.TestAboutUsPage"/>
  <testcase name="validatePraphFontSize" time="0.037" classname="com.biztech2go.TestAboutUsPage"/>
</testsuite> <!-- Validating About Us page in new Tab -->
