<?xml version="1.0" encoding="UTF-8"?>
<!-- Generated by org.testng.reporters.JUnitXMLReporter -->
<testsuite hostname="DESKTOP-LCC7PQK" ignored="0" name="Validating IT Training Page in new Window" tests="6" failures="0" timestamp="2020-06-25T11:16:35 PDT" time="16.577" errors="0">
  <testcase name="validateAutomationTestingSelection" time="2.678" classname="com.biztech2go.TestITTrainingPage"/>
  <testcase name="validateDataScienceSelection" time="0.17" classname="com.biztech2go.TestITTrainingPage"/>
  <testcase name="validateImageITTraining" time="0.069" classname="com.biztech2go.TestITTrainingPage"/>
  <testcase name="validateManuelTestingSelection" time="0.214" classname="com.biztech2go.TestITTrainingPage"/>
  <testcase name="validateSAPSelection" time="0.178" classname="com.biztech2go.TestITTrainingPage"/>
  <testcase name="verifyITTrainingPageTitle" time="0.018" classname="com.biztech2go.TestITTrainingPage"/>
</testsuite> <!-- Validating IT Training Page in new Window -->
