<?xml version="1.0" encoding="UTF-8"?>
<!-- Generated by org.testng.reporters.JUnitXMLReporter -->
<testsuite hostname="DESKTOP-LCC7PQK" ignored="0" name="Validating Telecom Servies Page in same Window" tests="5" failures="0" timestamp="2020-06-25T11:16:52 PDT" time="16.224" errors="0">
  <testcase name="validateAddressPresence" time="0.129" classname="com.biztech2go.TestTelecomServicesPage"/>
  <testcase name="validatePhoneNumber" time="0.083" classname="com.biztech2go.TestTelecomServicesPage"/>
  <testcase name="verifyImageVerizonPresence" time="0.067" classname="com.biztech2go.TestTelecomServicesPage"/>
  <testcase name="verifyRequestQuotePresence" time="0.061" classname="com.biztech2go.TestTelecomServicesPage"/>
  <testcase name="verifyTelecomServicesTitle" time="0.016" classname="com.biztech2go.TestTelecomServicesPage"/>
</testsuite> <!-- Validating Telecom Servies Page in same Window -->
