<?xml version="1.0" encoding="UTF-8"?>
<!-- Generated by org.testng.reporters.JUnitXMLReporter -->
<testsuite hostname="DESKTOP-LCC7PQK" ignored="0" name="Validating About Us page in new Tab" tests="5" failures="0" timestamp="2020-06-24T14:02:27 PDT" time="20.869" errors="0">
  <testcase name="validateHeaderMission" time="5.032" classname="com.biztech2go.TestAboutUsPage"/>
  <testcase name="validateHeaderOurValues" time="0.061" classname="com.biztech2go.TestAboutUsPage"/>
  <testcase name="validateHeaderVision" time="0.04" classname="com.biztech2go.TestAboutUsPage"/>
  <testcase name="validatePraphBackgroundColor" time="0.054" classname="com.biztech2go.TestAboutUsPage"/>
  <testcase name="validatePraphFontSize" time="0.041" classname="com.biztech2go.TestAboutUsPage"/>
</testsuite> <!-- Validating About Us page in new Tab -->
