<?xml version="1.0" encoding="UTF-8"?>
<!-- Generated by org.testng.reporters.JUnitXMLReporter -->
<testsuite hostname="DESKTOP-LCC7PQK" ignored="0" name="Validating Telecom Servies Page in same Window" tests="5" failures="0" timestamp="2020-06-24T14:03:05 PDT" time="16.629" errors="0">
  <testcase name="validateAddressPresence" time="0.1" classname="com.biztech2go.TestTelecomServicesPage"/>
  <testcase name="validatePhoneNumber" time="0.101" classname="com.biztech2go.TestTelecomServicesPage"/>
  <testcase name="verifyImageVerizonPresence" time="0.197" classname="com.biztech2go.TestTelecomServicesPage"/>
  <testcase name="verifyRequestQuotePresence" time="0.087" classname="com.biztech2go.TestTelecomServicesPage"/>
  <testcase name="verifyTelecomServicesTitle" time="0.029" classname="com.biztech2go.TestTelecomServicesPage"/>
</testsuite> <!-- Validating Telecom Servies Page in same Window -->
