<?xml version="1.0" encoding="UTF-8"?>
<!-- Generated by org.testng.reporters.JUnitXMLReporter -->
<testsuite hostname="DESKTOP-LCC7PQK" ignored="0" name="Validating Home page visual" tests="10" failures="0" timestamp="2020-06-25T11:24:28 PDT" time="6.292" errors="0">
  <testcase name="bottomCopyRigth" time="0.0" classname="com.biztech2go.TestHomePage">
    <skipped/>
  </testcase> <!-- bottomCopyRigth -->
  <testcase name="hoverITStaffMenu" time="0.0" classname="com.biztech2go.TestHomePage">
    <skipped/>
  </testcase> <!-- hoverITStaffMenu -->
  <testcase name="validateIcon" time="0.0" classname="com.biztech2go.TestHomePage">
    <skipped/>
  </testcase> <!-- validateIcon -->
  <testcase name="verifyAboutUsPage" time="0.0" classname="com.biztech2go.TestHomePage">
    <skipped/>
  </testcase> <!-- verifyAboutUsPage -->
  <testcase name="verifyContactUsPage" time="0.0" classname="com.biztech2go.TestHomePage">
    <skipped/>
  </testcase> <!-- verifyContactUsPage -->
  <testcase name="verifyOurServicesPage" time="0.0" classname="com.biztech2go.TestHomePage">
    <skipped/>
  </testcase> <!-- verifyOurServicesPage -->
  <testcase name="verifyItServicesPage" time="0.0" classname="com.biztech2go.TestHomePage">
    <skipped/>
  </testcase> <!-- verifyItServicesPage -->
  <testcase name="verifyMainHowWOperate" time="0.0" classname="com.biztech2go.TestHomePage">
    <skipped/>
  </testcase> <!-- verifyMainHowWOperate -->
  <testcase name="verifyMainPageTitle" time="0.0" classname="com.biztech2go.TestHomePage">
    <skipped/>
  </testcase> <!-- verifyMainPageTitle -->
  <testcase name="verifyMainPageDynamicProposal" time="0.0" classname="com.biztech2go.TestHomePage">
    <skipped/>
  </testcase> <!-- verifyMainPageDynamicProposal -->
</testsuite> <!-- Validating Home page visual -->
