<?xml version="1.0" encoding="UTF-8"?>
<!-- Generated by org.testng.reporters.JUnitXMLReporter -->
<testsuite hostname="DESKTOP-LCC7PQK" ignored="0" name="Validating Home page visual" tests="10" failures="0" timestamp="2020-06-24T14:01:33 PDT" time="33.493" errors="0">
  <testcase name="bottomCopyRigth" time="0.62" classname="com.biztech2go.TestHomePage"/>
  <testcase name="hoverITStaffMenu" time="2.425" classname="com.biztech2go.TestHomePage"/>
  <testcase name="validateIcon" time="0.09" classname="com.biztech2go.TestHomePage"/>
  <testcase name="verifyAboutUsPage" time="2.913" classname="com.biztech2go.TestHomePage"/>
  <testcase name="verifyContactUsPage" time="2.937" classname="com.biztech2go.TestHomePage"/>
  <testcase name="verifyOurServicesPage" time="2.94" classname="com.biztech2go.TestHomePage"/>
  <testcase name="verifyItServicesPage" time="3.385" classname="com.biztech2go.TestHomePage"/>
  <testcase name="verifyMainHowWOperate" time="0.254" classname="com.biztech2go.TestHomePage"/>
  <testcase name="verifyMainPageTitle" time="0.084" classname="com.biztech2go.TestHomePage"/>
  <testcase name="verifyMainPageDynamicProposal" time="0.133" classname="com.biztech2go.TestHomePage"/>
</testsuite> <!-- Validating Home page visual -->
