<?xml version="1.0" encoding="UTF-8"?>
<testng-results skipped="0" failed="0" ignored="0" total="31" passed="31">
  <reporter-output>
  </reporter-output>
  <suite name="Suite" duration-ms="103459" started-at="2020-06-25T11:15:08 PDT" finished-at="2020-06-25T11:16:52 PDT">
    <groups>
    </groups>
    <test name="Validating Home page visual" duration-ms="34378" started-at="2020-06-25T11:15:08 PDT" finished-at="2020-06-25T11:15:42 PDT">
      <class name="com.biztech2go.TestHomePage">
        <test-method status="PASS" signature="initialize()[pri:0, instance:com.biztech2go.TestHomePage@2925bf5b]" name="initialize" is-config="true" duration-ms="13044" started-at="2020-06-25T11:15:08 PDT" finished-at="2020-06-25T11:15:21 PDT">
          <reporter-output>
          </reporter-output>
        </test-method> <!-- initialize -->
        <test-method status="PASS" signature="bottomCopyRigth()[pri:0, instance:com.biztech2go.TestHomePage@2925bf5b]" name="bottomCopyRigth" duration-ms="888" started-at="2020-06-25T11:15:21 PDT" finished-at="2020-06-25T11:15:22 PDT">
          <reporter-output>
          </reporter-output>
        </test-method> <!-- bottomCopyRigth -->
        <test-method status="PASS" signature="hoverITStaffMenu()[pri:0, instance:com.biztech2go.TestHomePage@2925bf5b]" name="hoverITStaffMenu" duration-ms="2466" started-at="2020-06-25T11:15:22 PDT" finished-at="2020-06-25T11:15:25 PDT">
          <reporter-output>
          </reporter-output>
        </test-method> <!-- hoverITStaffMenu -->
        <test-method status="PASS" signature="validateIcon()[pri:0, instance:com.biztech2go.TestHomePage@2925bf5b]" name="validateIcon" duration-ms="90" started-at="2020-06-25T11:15:25 PDT" finished-at="2020-06-25T11:15:25 PDT">
          <reporter-output>
          </reporter-output>
        </test-method> <!-- validateIcon -->
        <test-method status="PASS" signature="verifyAboutUsPage()[pri:0, instance:com.biztech2go.TestHomePage@2925bf5b]" name="verifyAboutUsPage" duration-ms="3193" started-at="2020-06-25T11:15:25 PDT" finished-at="2020-06-25T11:15:28 PDT">
          <reporter-output>
          </reporter-output>
        </test-method> <!-- verifyAboutUsPage -->
        <test-method status="PASS" signature="verifyContactUsPage()[pri:0, instance:com.biztech2go.TestHomePage@2925bf5b]" name="verifyContactUsPage" duration-ms="3143" started-at="2020-06-25T11:15:28 PDT" finished-at="2020-06-25T11:15:31 PDT">
          <reporter-output>
          </reporter-output>
        </test-method> <!-- verifyContactUsPage -->
        <test-method status="PASS" signature="verifyOurServicesPage()[pri:0, instance:com.biztech2go.TestHomePage@2925bf5b]" name="verifyOurServicesPage" duration-ms="3068" started-at="2020-06-25T11:15:31 PDT" finished-at="2020-06-25T11:15:34 PDT">
          <reporter-output>
          </reporter-output>
        </test-method> <!-- verifyOurServicesPage -->
        <test-method status="PASS" signature="verifyItServicesPage()[pri:0, instance:com.biztech2go.TestHomePage@2925bf5b]" name="verifyItServicesPage" duration-ms="3382" started-at="2020-06-25T11:15:34 PDT" finished-at="2020-06-25T11:15:37 PDT">
          <reporter-output>
          </reporter-output>
        </test-method> <!-- verifyItServicesPage -->
        <test-method status="PASS" signature="verifyMainHowWOperate()[pri:0, instance:com.biztech2go.TestHomePage@2925bf5b]" name="verifyMainHowWOperate" duration-ms="222" started-at="2020-06-25T11:15:37 PDT" finished-at="2020-06-25T11:15:38 PDT">
          <reporter-output>
          </reporter-output>
        </test-method> <!-- verifyMainHowWOperate -->
        <test-method status="PASS" signature="verifyMainPageTitle()[pri:0, instance:com.biztech2go.TestHomePage@2925bf5b]" name="verifyMainPageTitle" duration-ms="73" started-at="2020-06-25T11:15:38 PDT" finished-at="2020-06-25T11:15:38 PDT">
          <reporter-output>
          </reporter-output>
        </test-method> <!-- verifyMainPageTitle -->
        <test-method status="PASS" signature="verifyMainPageDynamicProposal()[pri:0, instance:com.biztech2go.TestHomePage@2925bf5b]" name="verifyMainPageDynamicProposal" duration-ms="148" started-at="2020-06-25T11:15:38 PDT" depends-on-methods="com.biztech2go.TestHomePage.validateIcon" finished-at="2020-06-25T11:15:38 PDT">
          <reporter-output>
          </reporter-output>
        </test-method> <!-- verifyMainPageDynamicProposal -->
        <test-method status="PASS" signature="teardown()[pri:0, instance:com.biztech2go.TestHomePage@2925bf5b]" name="teardown" is-config="true" duration-ms="4537" started-at="2020-06-25T11:15:38 PDT" finished-at="2020-06-25T11:15:42 PDT">
          <reporter-output>
          </reporter-output>
        </test-method> <!-- teardown -->
      </class> <!-- com.biztech2go.TestHomePage -->
    </test> <!-- Validating Home page visual -->
    <test name="Validating Contact Us page in new Tab" duration-ms="19875" started-at="2020-06-25T11:15:43 PDT" finished-at="2020-06-25T11:16:02 PDT">
      <class name="com.biztech2go.TestContactUsPage">
        <test-method status="PASS" signature="initialize()[pri:0, instance:com.biztech2go.TestContactUsPage@c0c2f8d]" name="initialize" is-config="true" duration-ms="13990" started-at="2020-06-25T11:15:43 PDT" finished-at="2020-06-25T11:15:57 PDT">
          <reporter-output>
          </reporter-output>
        </test-method> <!-- initialize -->
        <test-method status="PASS" signature="validateEmailBlankTyping()[pri:0, instance:com.biztech2go.TestContactUsPage@c0c2f8d]" name="validateEmailBlankTyping" duration-ms="2197" started-at="2020-06-25T11:15:57 PDT" finished-at="2020-06-25T11:15:59 PDT">
          <reporter-output>
          </reporter-output>
        </test-method> <!-- validateEmailBlankTyping -->
        <test-method status="PASS" signature="validateEmptyNameEmailError()[pri:0, instance:com.biztech2go.TestContactUsPage@c0c2f8d]" name="validateEmptyNameEmailError" duration-ms="2259" started-at="2020-06-25T11:15:59 PDT" finished-at="2020-06-25T11:16:01 PDT">
          <reporter-output>
          </reporter-output>
        </test-method> <!-- validateEmptyNameEmailError -->
        <test-method status="PASS" signature="validateMessageBlankTyping()[pri:0, instance:com.biztech2go.TestContactUsPage@c0c2f8d]" name="validateMessageBlankTyping" duration-ms="164" started-at="2020-06-25T11:16:01 PDT" finished-at="2020-06-25T11:16:01 PDT">
          <reporter-output>
          </reporter-output>
        </test-method> <!-- validateMessageBlankTyping -->
        <test-method status="PASS" signature="validateNameBlankTyping()[pri:0, instance:com.biztech2go.TestContactUsPage@c0c2f8d]" name="validateNameBlankTyping" duration-ms="146" started-at="2020-06-25T11:16:01 PDT" finished-at="2020-06-25T11:16:01 PDT">
          <reporter-output>
          </reporter-output>
        </test-method> <!-- validateNameBlankTyping -->
        <test-method status="PASS" signature="validateSubjectBlankTyping()[pri:0, instance:com.biztech2go.TestContactUsPage@c0c2f8d]" name="validateSubjectBlankTyping" duration-ms="151" started-at="2020-06-25T11:16:01 PDT" finished-at="2020-06-25T11:16:01 PDT">
          <reporter-output>
          </reporter-output>
        </test-method> <!-- validateSubjectBlankTyping -->
        <test-method status="PASS" signature="teardown()[pri:0, instance:com.biztech2go.TestContactUsPage@c0c2f8d]" name="teardown" is-config="true" duration-ms="951" started-at="2020-06-25T11:16:01 PDT" finished-at="2020-06-25T11:16:02 PDT">
          <reporter-output>
          </reporter-output>
        </test-method> <!-- teardown -->
      </class> <!-- com.biztech2go.TestContactUsPage -->
    </test> <!-- Validating Contact Us page in new Tab -->
    <test name="Validating About Us page in new Tab" duration-ms="16264" started-at="2020-06-25T11:16:02 PDT" finished-at="2020-06-25T11:16:19 PDT">
      <class name="com.biztech2go.TestAboutUsPage">
        <test-method status="PASS" signature="initialize()[pri:0, instance:com.biztech2go.TestAboutUsPage@13b6aecc]" name="initialize" is-config="true" duration-ms="12257" started-at="2020-06-25T11:16:02 PDT" finished-at="2020-06-25T11:16:15 PDT">
          <reporter-output>
          </reporter-output>
        </test-method> <!-- initialize -->
        <test-method status="PASS" signature="validateHeaderMission()[pri:0, instance:com.biztech2go.TestAboutUsPage@13b6aecc]" name="validateHeaderMission" duration-ms="2088" started-at="2020-06-25T11:16:15 PDT" finished-at="2020-06-25T11:16:17 PDT">
          <reporter-output>
          </reporter-output>
        </test-method> <!-- validateHeaderMission -->
        <test-method status="PASS" signature="validateHeaderOurValues()[pri:0, instance:com.biztech2go.TestAboutUsPage@13b6aecc]" name="validateHeaderOurValues" duration-ms="59" started-at="2020-06-25T11:16:17 PDT" finished-at="2020-06-25T11:16:17 PDT">
          <reporter-output>
          </reporter-output>
        </test-method> <!-- validateHeaderOurValues -->
        <test-method status="PASS" signature="validateHeaderVision()[pri:0, instance:com.biztech2go.TestAboutUsPage@13b6aecc]" name="validateHeaderVision" duration-ms="54" started-at="2020-06-25T11:16:17 PDT" finished-at="2020-06-25T11:16:17 PDT">
          <reporter-output>
          </reporter-output>
        </test-method> <!-- validateHeaderVision -->
        <test-method status="PASS" signature="validatePraphBackgroundColor()[pri:0, instance:com.biztech2go.TestAboutUsPage@13b6aecc]" name="validatePraphBackgroundColor" duration-ms="91" started-at="2020-06-25T11:16:17 PDT" finished-at="2020-06-25T11:16:17 PDT">
          <reporter-output>
          </reporter-output>
        </test-method> <!-- validatePraphBackgroundColor -->
        <test-method status="PASS" signature="validatePraphFontSize()[pri:0, instance:com.biztech2go.TestAboutUsPage@13b6aecc]" name="validatePraphFontSize" duration-ms="37" started-at="2020-06-25T11:16:17 PDT" finished-at="2020-06-25T11:16:17 PDT">
          <reporter-output>
          </reporter-output>
        </test-method> <!-- validatePraphFontSize -->
        <test-method status="PASS" signature="teardown()[pri:0, instance:com.biztech2go.TestAboutUsPage@13b6aecc]" name="teardown" is-config="true" duration-ms="1667" started-at="2020-06-25T11:16:17 PDT" finished-at="2020-06-25T11:16:19 PDT">
          <reporter-output>
          </reporter-output>
        </test-method> <!-- teardown -->
      </class> <!-- com.biztech2go.TestAboutUsPage -->
    </test> <!-- Validating About Us page in new Tab -->
    <test name="Validating IT Training Page in new Window" duration-ms="16577" started-at="2020-06-25T11:16:19 PDT" finished-at="2020-06-25T11:16:35 PDT">
      <class name="com.biztech2go.TestITTrainingPage">
        <test-method status="PASS" signature="initialize()[pri:0, instance:com.biztech2go.TestITTrainingPage@58a9760d]" name="initialize" is-config="true" duration-ms="12148" started-at="2020-06-25T11:16:19 PDT" finished-at="2020-06-25T11:16:31 PDT">
          <reporter-output>
          </reporter-output>
        </test-method> <!-- initialize -->
        <test-method status="PASS" signature="validateAutomationTestingSelection()[pri:0, instance:com.biztech2go.TestITTrainingPage@58a9760d]" name="validateAutomationTestingSelection" duration-ms="2678" started-at="2020-06-25T11:16:31 PDT" finished-at="2020-06-25T11:16:34 PDT">
          <reporter-output>
          </reporter-output>
        </test-method> <!-- validateAutomationTestingSelection -->
        <test-method status="PASS" signature="validateDataScienceSelection()[pri:0, instance:com.biztech2go.TestITTrainingPage@58a9760d]" name="validateDataScienceSelection" duration-ms="170" started-at="2020-06-25T11:16:34 PDT" finished-at="2020-06-25T11:16:34 PDT">
          <reporter-output>
          </reporter-output>
        </test-method> <!-- validateDataScienceSelection -->
        <test-method status="PASS" signature="validateImageITTraining()[pri:0, instance:com.biztech2go.TestITTrainingPage@58a9760d]" name="validateImageITTraining" duration-ms="69" started-at="2020-06-25T11:16:34 PDT" finished-at="2020-06-25T11:16:34 PDT">
          <reporter-output>
          </reporter-output>
        </test-method> <!-- validateImageITTraining -->
        <test-method status="PASS" signature="validateManuelTestingSelection()[pri:0, instance:com.biztech2go.TestITTrainingPage@58a9760d]" name="validateManuelTestingSelection" duration-ms="214" started-at="2020-06-25T11:16:34 PDT" finished-at="2020-06-25T11:16:34 PDT">
          <reporter-output>
          </reporter-output>
        </test-method> <!-- validateManuelTestingSelection -->
        <test-method status="PASS" signature="validateSAPSelection()[pri:0, instance:com.biztech2go.TestITTrainingPage@58a9760d]" name="validateSAPSelection" duration-ms="178" started-at="2020-06-25T11:16:34 PDT" finished-at="2020-06-25T11:16:34 PDT">
          <reporter-output>
          </reporter-output>
        </test-method> <!-- validateSAPSelection -->
        <test-method status="PASS" signature="verifyITTrainingPageTitle()[pri:0, instance:com.biztech2go.TestITTrainingPage@58a9760d]" name="verifyITTrainingPageTitle" duration-ms="18" started-at="2020-06-25T11:16:34 PDT" finished-at="2020-06-25T11:16:34 PDT">
          <reporter-output>
          </reporter-output>
        </test-method> <!-- verifyITTrainingPageTitle -->
        <test-method status="PASS" signature="teardown()[pri:0, instance:com.biztech2go.TestITTrainingPage@58a9760d]" name="teardown" is-config="true" duration-ms="1091" started-at="2020-06-25T11:16:34 PDT" finished-at="2020-06-25T11:16:35 PDT">
          <reporter-output>
          </reporter-output>
        </test-method> <!-- teardown -->
      </class> <!-- com.biztech2go.TestITTrainingPage -->
    </test> <!-- Validating IT Training Page in new Window -->
    <test name="Validating Telecom Servies Page in same Window" duration-ms="16224" started-at="2020-06-25T11:16:35 PDT" finished-at="2020-06-25T11:16:52 PDT">
      <class name="com.biztech2go.TestTelecomServicesPage">
        <test-method status="PASS" signature="initialize()[pri:0, instance:com.biztech2go.TestTelecomServicesPage@707194ba]" name="initialize" is-config="true" duration-ms="15597" started-at="2020-06-25T11:16:35 PDT" finished-at="2020-06-25T11:16:51 PDT">
          <reporter-output>
          </reporter-output>
        </test-method> <!-- initialize -->
        <test-method status="PASS" signature="validateAddressPresence()[pri:0, instance:com.biztech2go.TestTelecomServicesPage@707194ba]" name="validateAddressPresence" duration-ms="129" started-at="2020-06-25T11:16:51 PDT" finished-at="2020-06-25T11:16:51 PDT">
          <reporter-output>
          </reporter-output>
        </test-method> <!-- validateAddressPresence -->
        <test-method status="PASS" signature="validatePhoneNumber()[pri:0, instance:com.biztech2go.TestTelecomServicesPage@707194ba]" name="validatePhoneNumber" duration-ms="83" started-at="2020-06-25T11:16:51 PDT" finished-at="2020-06-25T11:16:51 PDT">
          <reporter-output>
          </reporter-output>
        </test-method> <!-- validatePhoneNumber -->
        <test-method status="PASS" signature="verifyImageVerizonPresence()[pri:0, instance:com.biztech2go.TestTelecomServicesPage@707194ba]" name="verifyImageVerizonPresence" duration-ms="67" started-at="2020-06-25T11:16:51 PDT" finished-at="2020-06-25T11:16:51 PDT">
          <reporter-output>
          </reporter-output>
        </test-method> <!-- verifyImageVerizonPresence -->
        <test-method status="PASS" signature="verifyRequestQuotePresence()[pri:0, instance:com.biztech2go.TestTelecomServicesPage@707194ba]" name="verifyRequestQuotePresence" duration-ms="61" started-at="2020-06-25T11:16:51 PDT" finished-at="2020-06-25T11:16:51 PDT">
          <reporter-output>
          </reporter-output>
        </test-method> <!-- verifyRequestQuotePresence -->
        <test-method status="PASS" signature="verifyTelecomServicesTitle()[pri:0, instance:com.biztech2go.TestTelecomServicesPage@707194ba]" name="verifyTelecomServicesTitle" duration-ms="16" started-at="2020-06-25T11:16:51 PDT" finished-at="2020-06-25T11:16:51 PDT">
          <reporter-output>
          </reporter-output>
        </test-method> <!-- verifyTelecomServicesTitle -->
        <test-method status="PASS" signature="teardown()[pri:0, instance:com.biztech2go.TestTelecomServicesPage@707194ba]" name="teardown" is-config="true" duration-ms="265" started-at="2020-06-25T11:16:51 PDT" finished-at="2020-06-25T11:16:52 PDT">
          <reporter-output>
          </reporter-output>
        </test-method> <!-- teardown -->
      </class> <!-- com.biztech2go.TestTelecomServicesPage -->
    </test> <!-- Validating Telecom Servies Page in same Window -->
  </suite> <!-- Suite -->
</testng-results>
